Determining if the pthread_create exist failed with the following output:
Change Dir: /home/leon/mobile_manipulator/build/CMakeFiles/CMakeTmp

Run Build Command:"/usr/bin/make" "cmTryCompileExec2323430116/fast"
/usr/bin/make -f CMakeFiles/cmTryCompileExec2323430116.dir/build.make CMakeFiles/cmTryCompileExec2323430116.dir/build
make[1]: Entering directory `/home/leon/mobile_manipulator/build/CMakeFiles/CMakeTmp'
/usr/bin/cmake -E cmake_progress_report /home/leon/mobile_manipulator/build/CMakeFiles/CMakeTmp/CMakeFiles 1
Building C object CMakeFiles/cmTryCompileExec2323430116.dir/CheckSymbolExists.c.o
/usr/bin/cc    -o CMakeFiles/cmTryCompileExec2323430116.dir/CheckSymbolExists.c.o   -c /home/leon/mobile_manipulator/build/CMakeFiles/CMakeTmp/CheckSymbolExists.c
Linking C executable cmTryCompileExec2323430116
/usr/bin/cmake -E cmake_link_script CMakeFiles/cmTryCompileExec2323430116.dir/link.txt --verbose=1
/usr/bin/cc       CMakeFiles/cmTryCompileExec2323430116.dir/CheckSymbolExists.c.o  -o cmTryCompileExec2323430116 -rdynamic 
CMakeFiles/cmTryCompileExec2323430116.dir/CheckSymbolExists.c.o: In function `main':
CheckSymbolExists.c:(.text+0x16): undefined reference to `pthread_create'
collect2: error: ld returned 1 exit status
make[1]: *** [cmTryCompileExec2323430116] Error 1
make[1]: Leaving directory `/home/leon/mobile_manipulator/build/CMakeFiles/CMakeTmp'
make: *** [cmTryCompileExec2323430116/fast] Error 2

File /home/leon/mobile_manipulator/build/CMakeFiles/CMakeTmp/CheckSymbolExists.c:
/* */
#include <pthread.h>

int main(int argc, char** argv)
{
  (void)argv;
#ifndef pthread_create
  return ((int*)(&pthread_create))[argc];
#else
  (void)argc;
  return 0;
#endif
}

Determining if the function pthread_create exists in the pthreads failed with the following output:
Change Dir: /home/leon/mobile_manipulator/build/CMakeFiles/CMakeTmp

Run Build Command:"/usr/bin/make" "cmTryCompileExec659942666/fast"
/usr/bin/make -f CMakeFiles/cmTryCompileExec659942666.dir/build.make CMakeFiles/cmTryCompileExec659942666.dir/build
make[1]: Entering directory `/home/leon/mobile_manipulator/build/CMakeFiles/CMakeTmp'
/usr/bin/cmake -E cmake_progress_report /home/leon/mobile_manipulator/build/CMakeFiles/CMakeTmp/CMakeFiles 1
Building C object CMakeFiles/cmTryCompileExec659942666.dir/CheckFunctionExists.c.o
/usr/bin/cc   -DCHECK_FUNCTION_EXISTS=pthread_create   -o CMakeFiles/cmTryCompileExec659942666.dir/CheckFunctionExists.c.o   -c /usr/share/cmake-3.2/Modules/CheckFunctionExists.c
Linking C executable cmTryCompileExec659942666
/usr/bin/cmake -E cmake_link_script CMakeFiles/cmTryCompileExec659942666.dir/link.txt --verbose=1
/usr/bin/cc   -DCHECK_FUNCTION_EXISTS=pthread_create    CMakeFiles/cmTryCompileExec659942666.dir/CheckFunctionExists.c.o  -o cmTryCompileExec659942666 -rdynamic -lpthreads 
/usr/bin/ld: cannot find -lpthreads
collect2: error: ld returned 1 exit status
make[1]: *** [cmTryCompileExec659942666] Error 1
make[1]: Leaving directory `/home/leon/mobile_manipulator/build/CMakeFiles/CMakeTmp'
make: *** [cmTryCompileExec659942666/fast] Error 2


